<?xml version="1.0" encoding="UTF-8"?>
<testsuite xmlns:xsi="http://www.w3.org/2001/XMLSchema-instance" xsi:noNamespaceSchemaLocation="https://maven.apache.org/surefire/maven-surefire-plugin/xsd/surefire-test-report-3.0.xsd" version="3.0" name="LoanServiceTest" time="0.248" tests="5" errors="0" skipped="0" failures="0">
  <properties>
[...]
</properties>
  <testcase name="testCreateLoanWithInvalidData" classname="LoanServiceTest" time="0.231"/>
  <testcase name="testUpdateLoanForLoggedInUser" classname="LoanServiceTest" time="0.002"/>
  <testcase name="testApproveLoanAsManager" classname="LoanServiceTest" time="0.001"/>
  <testcase name="testRetrieveLoansForLoggedInUser" classname="LoanServiceTest" time="0.002"/>
  <testcase name="testApproveLoanAsRegularUser" classname="LoanServiceTest" time="0.001"/>
</testsuite>